<?xml version="1.0" encoding="UTF-8"?>
<coverage generated="1785170215">
  <project timestamp="1785170215" name="Clover Coverage">
    <package name="App\Command">
      <file name="/home/rod/Web/projects/TeamX/BRAIN/TeamX/platform/getmilpa-skeleton/src/Command/CliProjector.php">
        <class name="App\Command\CliProjector" namespace="App\Command">
          <metrics complexity="19" methods="6" coveredmethods="4" conditionals="0" coveredconditionals="0" statements="33" coveredstatements="30" elements="39" coveredelements="34"/>
        </class>
        <line num="34" type="method" name="__construct" visibility="public" complexity="1" crap="1" count="8"/>
        <line num="36" type="stmt" count="8"/>
        <line num="38" type="method" name="surface" visibility="public" complexity="1" crap="1" count="1"/>
        <line num="40" type="stmt" count="1"/>
        <line num="43" type="method" name="supports" visibility="public" complexity="1" crap="1" count="1"/>
        <line num="45" type="stmt" count="1"/>
        <line num="55" type="method" name="deriveInput" visibility="public" complexity="1" crap="1" count="4"/>
        <line num="57" type="stmt" count="4"/>
        <line num="64" type="method" name="run" visibility="public" complexity="11" crap="11.10" count="6"/>
        <line num="66" type="stmt" count="6"/>
        <line num="67" type="stmt" count="1"/>
        <line num="69" type="stmt" count="1"/>
        <line num="73" type="stmt" count="5"/>
        <line num="74" type="stmt" count="1"/>
        <line num="75" type="stmt" count="1"/>
        <line num="77" type="stmt" count="1"/>
        <line num="80" type="stmt" count="4"/>
        <line num="81" type="stmt" count="4"/>
        <line num="83" type="stmt" count="3"/>
        <line num="85" type="stmt" count="1"/>
        <line num="86" type="stmt" count="1"/>
        <line num="87" type="stmt" count="1"/>
        <line num="88" type="stmt" count="0"/>
        <line num="90" type="stmt" count="0"/>
        <line num="93" type="stmt" count="1"/>
        <line num="96" type="stmt" count="4"/>
        <line num="97" type="stmt" count="1"/>
        <line num="99" type="stmt" count="3"/>
        <line num="100" type="stmt" count="3"/>
        <line num="103" type="stmt" count="3"/>
        <line num="111" type="method" name="rawBag" visibility="private" complexity="4" crap="4.03" count="6"/>
        <line num="113" type="stmt" count="6"/>
        <line num="114" type="stmt" count="6"/>
        <line num="115" type="stmt" count="6"/>
        <line num="116" type="stmt" count="0"/>
        <line num="118" type="stmt" count="6"/>
        <line num="119" type="stmt" count="6"/>
        <line num="120" type="stmt" count="6"/>
        <line num="123" type="stmt" count="6"/>
        <metrics loc="126" ncloc="88" classes="1" methods="6" coveredmethods="4" conditionals="0" coveredconditionals="0" statements="33" coveredstatements="30" elements="39" coveredelements="34"/>
      </file>
      <file name="/home/rod/Web/projects/TeamX/BRAIN/TeamX/platform/getmilpa-skeleton/src/Command/ConfirmTokenStore.php">
        <class name="App\Command\ConfirmTokenStore" namespace="App\Command">
          <metrics complexity="5" methods="3" coveredmethods="3" conditionals="0" coveredconditionals="0" statements="11" coveredstatements="11" elements="14" coveredelements="14"/>
        </class>
        <line num="38" type="method" name="__construct" visibility="public" complexity="1" crap="1" count="21"/>
        <line num="40" type="stmt" count="21"/>
        <line num="42" type="method" name="issue" visibility="public" complexity="1" crap="1" count="7"/>
        <line num="44" type="stmt" count="7"/>
        <line num="45" type="stmt" count="7"/>
        <line num="47" type="stmt" count="7"/>
        <line num="50" type="method" name="consume" visibility="public" complexity="3" crap="3" count="7"/>
        <line num="52" type="stmt" count="7"/>
        <line num="53" type="stmt" count="7"/>
        <line num="55" type="stmt" count="7"/>
        <line num="56" type="stmt" count="2"/>
        <line num="58" type="stmt" count="6"/>
        <line num="59" type="stmt" count="1"/>
        <line num="62" type="stmt" count="5"/>
        <metrics loc="65" ncloc="38" classes="1" methods="3" coveredmethods="3" conditionals="0" coveredconditionals="0" statements="11" coveredstatements="11" elements="14" coveredelements="14"/>
      </file>
      <file name="/home/rod/Web/projects/TeamX/BRAIN/TeamX/platform/getmilpa-skeleton/src/Command/HttpProjector.php">
        <class name="App\Command\HttpProjector" namespace="App\Command">
          <metrics complexity="44" methods="11" coveredmethods="9" conditionals="0" coveredconditionals="0" statements="106" coveredstatements="96" elements="117" coveredelements="105"/>
        </class>
        <line num="93" type="method" name="__construct" visibility="public" complexity="3" crap="3" count="17"/>
        <line num="99" type="stmt" count="17"/>
        <line num="100" type="stmt" count="16"/>
        <line num="101" type="stmt" count="16"/>
        <line num="106" type="method" name="surface" visibility="public" complexity="1" crap="1" count="1"/>
        <line num="108" type="stmt" count="1"/>
        <line num="111" type="method" name="supports" visibility="public" complexity="1" crap="1" count="1"/>
        <line num="113" type="stmt" count="1"/>
        <line num="119" type="method" name="routes" visibility="public" complexity="3" crap="3" count="15"/>
        <line num="121" type="stmt" count="15"/>
        <line num="122" type="stmt" count="15"/>
        <line num="123" type="stmt" count="15"/>
        <line num="124" type="stmt" count="15"/>
        <line num="125" type="stmt" count="15"/>
        <line num="126" type="stmt" count="15"/>
        <line num="127" type="stmt" count="15"/>
        <line num="128" type="stmt" count="15"/>
        <line num="131" type="stmt" count="13"/>
        <line num="134" type="method" name="handle" visibility="public" complexity="17" crap="18.09" count="10"/>
        <line num="136" type="stmt" count="10"/>
        <line num="138" type="stmt" count="10"/>
        <line num="139" type="stmt" count="10"/>
        <line num="140" type="stmt" count="10"/>
        <line num="141" type="stmt" count="10"/>
        <line num="142" type="stmt" count="10"/>
        <line num="145" type="stmt" count="10"/>
        <line num="147" type="stmt" count="10"/>
        <line num="148" type="stmt" count="1"/>
        <line num="153" type="stmt" count="9"/>
        <line num="154" type="stmt" count="5"/>
        <line num="155" type="stmt" count="4"/>
        <line num="156" type="stmt" count="2"/>
        <line num="160" type="stmt" count="6"/>
        <line num="161" type="stmt" count="4"/>
        <line num="162" type="stmt" count="4"/>
        <line num="163" type="stmt" count="4"/>
        <line num="164" type="stmt" count="4"/>
        <line num="165" type="stmt" count="4"/>
        <line num="166" type="stmt" count="4"/>
        <line num="168" type="stmt" count="3"/>
        <line num="169" type="stmt" count="0"/>
        <line num="170" type="stmt" count="0"/>
        <line num="171" type="stmt" count="0"/>
        <line num="172" type="stmt" count="0"/>
        <line num="173" type="stmt" count="0"/>
        <line num="177" type="stmt" count="5"/>
        <line num="178" type="stmt" count="5"/>
        <line num="179" type="stmt" count="0"/>
        <line num="181" type="stmt" count="5"/>
        <line num="182" type="stmt" count="5"/>
        <line num="183" type="stmt" count="3"/>
        <line num="184" type="stmt" count="3"/>
        <line num="189" type="stmt" count="5"/>
        <line num="190" type="stmt" count="1"/>
        <line num="191" type="stmt" count="1"/>
        <line num="194" type="stmt" count="4"/>
        <line num="195" type="stmt" count="4"/>
        <line num="197" type="stmt" count="3"/>
        <line num="199" type="stmt" count="1"/>
        <line num="200" type="stmt" count="1"/>
        <line num="201" type="stmt" count="1"/>
        <line num="202" type="stmt" count="0"/>
        <line num="205" type="stmt" count="1"/>
        <line num="208" type="stmt" count="4"/>
        <line num="218" type="method" name="enforceScopes" visibility="private" complexity="3" crap="3" count="5"/>
        <line num="220" type="stmt" count="5"/>
        <line num="221" type="stmt" count="1"/>
        <line num="227" type="stmt" count="4"/>
        <line num="229" type="stmt" count="4"/>
        <line num="232" type="stmt" count="2"/>
        <line num="234" type="stmt" count="4"/>
        <line num="235" type="stmt" count="2"/>
        <line num="236" type="stmt" count="2"/>
        <line num="242" type="stmt" count="2"/>
        <line num="251" type="method" name="authChainInstalled" visibility="private" complexity="2" crap="2" count="5"/>
        <line num="253" type="stmt" count="5"/>
        <line num="254" type="stmt" count="5"/>
        <line num="264" type="method" name="enforceWebPolicy" visibility="private" complexity="6" crap="6.12" count="2"/>
        <line num="266" type="stmt" count="2"/>
        <line num="267" type="stmt" count="0"/>
        <line num="270" type="stmt" count="2"/>
        <line num="271" type="stmt" count="2"/>
        <line num="272" type="stmt" count="0"/>
        <line num="275" type="stmt" count="2"/>
        <line num="276" type="stmt" count="2"/>
        <line num="277" type="stmt" count="2"/>
        <line num="278" type="stmt" count="2"/>
        <line num="279" type="stmt" count="2"/>
        <line num="280" type="stmt" count="2"/>
        <line num="281" type="stmt" count="2"/>
        <line num="282" type="stmt" count="2"/>
        <line num="283" type="stmt" count="2"/>
        <line num="284" type="stmt" count="2"/>
        <line num="285" type="stmt" count="2"/>
        <line num="286" type="stmt" count="2"/>
        <line num="288" type="stmt" count="2"/>
        <line num="289" type="stmt" count="0"/>
        <line num="292" type="stmt" count="2"/>
        <line num="300" type="method" name="pathFor" visibility="private" complexity="2" crap="2" count="15"/>
        <line num="302" type="stmt" count="15"/>
        <line num="303" type="stmt" count="12"/>
        <line num="305" type="stmt" count="3"/>
        <line num="306" type="stmt" count="3"/>
        <line num="307" type="stmt" count="3"/>
        <line num="308" type="stmt" count="3"/>
        <line num="310" type="stmt" count="3"/>
        <line num="312" type="stmt" count="1"/>
        <line num="325" type="method" name="assertValidDerivedSegments" visibility="private" complexity="5" crap="5" count="3"/>
        <line num="327" type="stmt" count="3"/>
        <line num="328" type="stmt" count="3"/>
        <line num="329" type="stmt" count="2"/>
        <line num="330" type="stmt" count="2"/>
        <line num="331" type="stmt" count="2"/>
        <line num="332" type="stmt" count="2"/>
        <line num="333" type="stmt" count="2"/>
        <line num="338" type="method" name="json" visibility="private" complexity="1" crap="1" count="9"/>
        <line num="340" type="stmt" count="9"/>
        <metrics loc="343" ncloc="236" classes="1" methods="11" coveredmethods="9" conditionals="0" coveredconditionals="0" statements="106" coveredstatements="96" elements="117" coveredelements="105"/>
      </file>
      <file name="/home/rod/Web/projects/TeamX/BRAIN/TeamX/platform/getmilpa-skeleton/src/Command/McpProjector.php">
        <class name="App\Command\McpProjector" namespace="App\Command">
          <metrics complexity="7" methods="4" coveredmethods="4" conditionals="0" coveredconditionals="0" statements="22" coveredstatements="22" elements="26" coveredelements="26"/>
        </class>
        <line num="33" type="method" name="surface" visibility="public" complexity="1" crap="1" count="1"/>
        <line num="35" type="stmt" count="1"/>
        <line num="38" type="method" name="supports" visibility="public" complexity="1" crap="1" count="4"/>
        <line num="40" type="stmt" count="4"/>
        <line num="46" type="method" name="project" visibility="public" complexity="3" crap="3" count="5"/>
        <line num="48" type="stmt" count="5"/>
        <line num="49" type="stmt" count="3"/>
        <line num="50" type="stmt" count="1"/>
        <line num="53" type="stmt" count="2"/>
        <line num="54" type="stmt" count="2"/>
        <line num="55" type="stmt" count="2"/>
        <line num="56" type="stmt" count="2"/>
        <line num="57" type="stmt" count="2"/>
        <line num="58" type="stmt" count="2"/>
        <line num="59" type="stmt" count="2"/>
        <line num="60" type="stmt" count="2"/>
        <line num="61" type="stmt" count="2"/>
        <line num="62" type="stmt" count="2"/>
        <line num="63" type="stmt" count="2"/>
        <line num="64" type="stmt" count="2"/>
        <line num="65" type="stmt" count="2"/>
        <line num="74" type="method" name="callableFrom" visibility="private" complexity="2" crap="2" count="2"/>
        <line num="76" type="stmt" count="2"/>
        <line num="77" type="stmt" count="1"/>
        <line num="80" type="stmt" count="1"/>
        <line num="82" type="stmt" count="1"/>
        <metrics loc="85" ncloc="60" classes="1" methods="4" coveredmethods="4" conditionals="0" coveredconditionals="0" statements="22" coveredstatements="22" elements="26" coveredelements="26"/>
      </file>
      <file name="/home/rod/Web/projects/TeamX/BRAIN/TeamX/platform/getmilpa-skeleton/src/Command/SchemaCoercer.php">
        <class name="App\Command\SchemaCoercer" namespace="App\Command">
          <metrics complexity="34" methods="5" coveredmethods="3" conditionals="0" coveredconditionals="0" statements="47" coveredstatements="45" elements="52" coveredelements="48"/>
        </class>
        <line num="33" type="method" name="coerce" visibility="public" complexity="13" crap="13" count="40"/>
        <line num="36" type="stmt" count="40"/>
        <line num="38" type="stmt" count="40"/>
        <line num="40" type="stmt" count="40"/>
        <line num="41" type="stmt" count="40"/>
        <line num="43" type="stmt" count="40"/>
        <line num="44" type="stmt" count="37"/>
        <line num="46" type="stmt" count="37"/>
        <line num="47" type="stmt" count="6"/>
        <line num="48" type="stmt" count="2"/>
        <line num="49" type="stmt" count="4"/>
        <line num="50" type="stmt" count="3"/>
        <line num="52" type="stmt" count="6"/>
        <line num="56" type="stmt" count="33"/>
        <line num="57" type="stmt" count="10"/>
        <line num="58" type="stmt" count="10"/>
        <line num="59" type="stmt" count="10"/>
        <line num="62" type="stmt" count="23"/>
        <line num="63" type="stmt" count="1"/>
        <line num="64" type="stmt" count="1"/>
        <line num="67" type="stmt" count="22"/>
        <line num="70" type="stmt" count="40"/>
        <line num="71" type="stmt" count="13"/>
        <line num="74" type="stmt" count="27"/>
        <line num="77" type="method" name="coerceValue" visibility="private" complexity="8" crap="8" count="33"/>
        <line num="79" type="stmt" count="33"/>
        <line num="80" type="stmt" count="10"/>
        <line num="81" type="stmt" count="3"/>
        <line num="82" type="stmt" count="14"/>
        <line num="83" type="stmt" count="2"/>
        <line num="84" type="stmt" count="24"/>
        <line num="85" type="stmt" count="33"/>
        <line num="88" type="method" name="toInt" visibility="private" complexity="4" crap="4.13" count="10"/>
        <line num="90" type="stmt" count="10"/>
        <line num="91" type="stmt" count="0"/>
        <line num="93" type="stmt" count="10"/>
        <line num="94" type="stmt" count="4"/>
        <line num="96" type="stmt" count="6"/>
        <line num="99" type="method" name="toFloat" visibility="private" complexity="5" crap="5.20" count="3"/>
        <line num="101" type="stmt" count="3"/>
        <line num="102" type="stmt" count="0"/>
        <line num="104" type="stmt" count="3"/>
        <line num="105" type="stmt" count="2"/>
        <line num="107" type="stmt" count="1"/>
        <line num="110" type="method" name="toBool" visibility="private" complexity="4" crap="4" count="14"/>
        <line num="112" type="stmt" count="14"/>
        <line num="113" type="stmt" count="2"/>
        <line num="115" type="stmt" count="12"/>
        <line num="116" type="stmt" count="5"/>
        <line num="118" type="stmt" count="7"/>
        <line num="119" type="stmt" count="5"/>
        <line num="121" type="stmt" count="2"/>
        <metrics loc="124" ncloc="99" classes="1" methods="5" coveredmethods="3" conditionals="0" coveredconditionals="0" statements="47" coveredstatements="45" elements="52" coveredelements="48"/>
      </file>
      <file name="/home/rod/Web/projects/TeamX/BRAIN/TeamX/platform/getmilpa-skeleton/src/Command/SchemaCoercionException.php">
        <class name="App\Command\SchemaCoercionException" namespace="App\Command">
          <metrics complexity="1" methods="1" coveredmethods="1" conditionals="0" coveredconditionals="0" statements="1" coveredstatements="1" elements="2" coveredelements="2"/>
        </class>
        <line num="20" type="method" name="__construct" visibility="public" complexity="1" crap="1" count="13"/>
        <line num="22" type="stmt" count="13"/>
        <metrics loc="25" ncloc="15" classes="1" methods="1" coveredmethods="1" conditionals="0" coveredconditionals="0" statements="1" coveredstatements="1" elements="2" coveredelements="2"/>
      </file>
    </package>
    <package name="App\Console">
      <file name="/home/rod/Web/projects/TeamX/BRAIN/TeamX/platform/getmilpa-skeleton/src/Console/Application.php">
        <class name="App\Console\Application" namespace="App\Console">
          <metrics complexity="172" methods="36" coveredmethods="16" conditionals="0" coveredconditionals="0" statements="592" coveredstatements="529" elements="628" coveredelements="545"/>
        </class>
        <line num="135" type="method" name="__construct" visibility="public" complexity="1" crap="1" count="50"/>
        <line num="137" type="stmt" count="50"/>
        <line num="150" type="method" name="run" visibility="public" complexity="2" crap="2" count="50"/>
        <line num="153" type="stmt" count="50"/>
        <line num="154" type="stmt" count="1"/>
        <line num="155" type="stmt" count="1"/>
        <line num="157" type="stmt" count="1"/>
        <line num="162" type="method" name="dispatch" visibility="private" complexity="17" crap="17" count="50"/>
        <line num="164" type="stmt" count="50"/>
        <line num="165" type="stmt" count="50"/>
        <line num="167" type="stmt" count="50"/>
        <line num="168" type="stmt" count="3"/>
        <line num="169" type="stmt" count="5"/>
        <line num="170" type="stmt" count="7"/>
        <line num="171" type="stmt" count="3"/>
        <line num="172" type="stmt" count="5"/>
        <line num="173" type="stmt" count="2"/>
        <line num="174" type="stmt" count="2"/>
        <line num="175" type="stmt" count="2"/>
        <line num="176" type="stmt" count="3"/>
        <line num="177" type="stmt" count="4"/>
        <line num="178" type="stmt" count="3"/>
        <line num="179" type="stmt" count="2"/>
        <line num="180" type="stmt" count="3"/>
        <line num="181" type="stmt" count="3"/>
        <line num="182" type="stmt" count="3"/>
        <line num="183" type="stmt" count="50"/>
        <line num="184" type="stmt" count="50"/>
        <line num="187" type="method" name="wow" visibility="private" complexity="7" crap="7" count="3"/>
        <line num="189" type="stmt" count="3"/>
        <line num="190" type="stmt" count="3"/>
        <line num="191" type="stmt" count="2"/>
        <line num="194" type="stmt" count="1"/>
        <line num="195" type="stmt" count="1"/>
        <line num="196" type="stmt" count="1"/>
        <line num="197" type="stmt" count="0"/>
        <line num="201" type="stmt" count="1"/>
        <line num="202" type="stmt" count="1"/>
        <line num="203" type="stmt" count="1"/>
        <line num="204" type="stmt" count="1"/>
        <line num="205" type="stmt" count="1"/>
        <line num="206" type="stmt" count="1"/>
        <line num="209" type="stmt" count="1"/>
        <line num="210" type="stmt" count="1"/>
        <line num="211" type="stmt" count="1"/>
        <line num="212" type="stmt" count="1"/>
        <line num="213" type="stmt" count="1"/>
        <line num="214" type="stmt" count="1"/>
        <line num="215" type="stmt" count="1"/>
        <line num="216" type="stmt" count="1"/>
        <line num="217" type="stmt" count="1"/>
        <line num="218" type="stmt" count="1"/>
        <line num="219" type="stmt" count="1"/>
        <line num="220" type="stmt" count="1"/>
        <line num="221" type="stmt" count="1"/>
        <line num="222" type="stmt" count="1"/>
        <line num="223" type="stmt" count="1"/>
        <line num="224" type="stmt" count="1"/>
        <line num="225" type="stmt" count="1"/>
        <line num="226" type="stmt" count="1"/>
        <line num="227" type="stmt" count="1"/>
        <line num="228" type="stmt" count="1"/>
        <line num="229" type="stmt" count="1"/>
        <line num="230" type="stmt" count="1"/>
        <line num="231" type="stmt" count="1"/>
        <line num="232" type="stmt" count="1"/>
        <line num="233" type="stmt" count="1"/>
        <line num="235" type="stmt" count="1"/>
        <line num="238" type="method" name="doctor" visibility="private" complexity="7" crap="7" count="3"/>
        <line num="240" type="stmt" count="3"/>
        <line num="241" type="stmt" count="3"/>
        <line num="243" type="stmt" count="3"/>
        <line num="244" type="stmt" count="3"/>
        <line num="245" type="stmt" count="1"/>
        <line num="248" type="stmt" count="2"/>
        <line num="251" type="stmt" count="2"/>
        <line num="252" type="stmt" count="1"/>
        <line num="253" type="stmt" count="1"/>
        <line num="255" type="stmt" count="1"/>
        <line num="258" type="stmt" count="1"/>
        <line num="259" type="stmt" count="1"/>
        <line num="260" type="stmt" count="1"/>
        <line num="261" type="stmt" count="1"/>
        <line num="262" type="stmt" count="1"/>
        <line num="263" type="stmt" count="1"/>
        <line num="264" type="stmt" count="1"/>
        <line num="265" type="stmt" count="1"/>
        <line num="266" type="stmt" count="1"/>
        <line num="268" type="stmt" count="1"/>
        <line num="269" type="stmt" count="1"/>
        <line num="270" type="stmt" count="1"/>
        <line num="271" type="stmt" count="0"/>
        <line num="274" type="stmt" count="1"/>
        <line num="276" type="stmt" count="1"/>
        <line num="277" type="stmt" count="1"/>
        <line num="278" type="stmt" count="1"/>
        <line num="280" type="stmt" count="1"/>
        <line num="282" type="stmt" count="1"/>
        <line num="285" type="method" name="validate" visibility="private" complexity="6" crap="6" count="5"/>
        <line num="287" type="stmt" count="5"/>
        <line num="289" type="stmt" count="5"/>
        <line num="290" type="stmt" count="5"/>
        <line num="291" type="stmt" count="1"/>
        <line num="294" type="stmt" count="4"/>
        <line num="295" type="stmt" count="4"/>
        <line num="296" type="stmt" count="4"/>
        <line num="297" type="stmt" count="4"/>
        <line num="298" type="stmt" count="1"/>
        <line num="300" type="stmt" count="1"/>
        <line num="302" type="stmt" count="3"/>
        <line num="303" type="stmt" count="1"/>
        <line num="305" type="stmt" count="1"/>
        <line num="307" type="stmt" count="2"/>
        <line num="311" type="stmt" count="2"/>
        <line num="312" type="stmt" count="1"/>
        <line num="313" type="stmt" count="1"/>
        <line num="315" type="stmt" count="1"/>
        <line num="318" type="stmt" count="1"/>
        <line num="319" type="stmt" count="1"/>
        <line num="320" type="stmt" count="1"/>
        <line num="321" type="stmt" count="1"/>
        <line num="323" type="stmt" count="1"/>
        <line num="327" type="method" name="makeController" visibility="private" complexity="7" crap="7" count="7"/>
        <line num="329" type="stmt" count="7"/>
        <line num="330" type="stmt" count="2"/>
        <line num="332" type="stmt" count="2"/>
        <line num="335" type="stmt" count="5"/>
        <line num="336" type="stmt" count="5"/>
        <line num="337" type="stmt" count="5"/>
        <line num="342" type="stmt" count="5"/>
        <line num="343" type="stmt" count="5"/>
        <line num="345" type="stmt" count="5"/>
        <line num="346" type="stmt" count="5"/>
        <line num="347" type="stmt" count="5"/>
        <line num="349" type="stmt" count="5"/>
        <line num="350" type="stmt" count="5"/>
        <line num="351" type="stmt" count="5"/>
        <line num="363" type="stmt" count="5"/>
        <line num="364" type="stmt" count="5"/>
        <line num="365" type="stmt" count="5"/>
        <line num="367" type="stmt" count="5"/>
        <line num="368" type="stmt" count="5"/>
        <line num="369" type="stmt" count="5"/>
        <line num="372" type="stmt" count="5"/>
        <line num="376" type="method" name="makeEntity" visibility="private" complexity="11" crap="11.97" count="3"/>
        <line num="378" type="stmt" count="3"/>
        <line num="379" type="stmt" count="1"/>
        <line num="381" type="stmt" count="1"/>
        <line num="384" type="stmt" count="2"/>
        <line num="385" type="stmt" count="2"/>
        <line num="386" type="stmt" count="2"/>
        <line num="392" type="stmt" count="2"/>
        <line num="393" type="stmt" count="2"/>
        <line num="395" type="stmt" count="2"/>
        <line num="396" type="stmt" count="2"/>
        <line num="397" type="stmt" count="2"/>
        <line num="399" type="stmt" count="2"/>
        <line num="400" type="stmt" count="2"/>
        <line num="401" type="stmt" count="2"/>
        <line num="407" type="stmt" count="2"/>
        <line num="408" type="stmt" count="2"/>
        <line num="409" type="stmt" count="2"/>
        <line num="410" type="stmt" count="0"/>
        <line num="411" type="stmt" count="0"/>
        <line num="412" type="stmt" count="0"/>
        <line num="414" type="stmt" count="2"/>
        <line num="415" type="stmt" count="0"/>
        <line num="416" type="stmt" count="0"/>
        <line num="424" type="stmt" count="2"/>
        <line num="425" type="stmt" count="2"/>
        <line num="426" type="stmt" count="2"/>
        <line num="427" type="stmt" count="2"/>
        <line num="428" type="stmt" count="2"/>
        <line num="429" type="stmt" count="0"/>
        <line num="433" type="stmt" count="2"/>
        <line num="439" type="method" name="makePlugin" visibility="private" complexity="2" crap="2" count="5"/>
        <line num="441" type="stmt" count="5"/>
        <line num="442" type="stmt" count="1"/>
        <line num="444" type="stmt" count="1"/>
        <line num="447" type="stmt" count="4"/>
        <line num="448" type="stmt" count="4"/>
        <line num="449" type="stmt" count="4"/>
        <line num="454" type="stmt" count="4"/>
        <line num="455" type="stmt" count="4"/>
        <line num="457" type="stmt" count="4"/>
        <line num="463" type="method" name="makeService" visibility="private" complexity="2" crap="2" count="2"/>
        <line num="465" type="stmt" count="2"/>
        <line num="466" type="stmt" count="1"/>
        <line num="468" type="stmt" count="1"/>
        <line num="471" type="stmt" count="1"/>
        <line num="472" type="stmt" count="1"/>
        <line num="473" type="stmt" count="1"/>
        <line num="475" type="stmt" count="1"/>
        <line num="476" type="stmt" count="1"/>
        <line num="478" type="stmt" count="1"/>
        <line num="484" type="method" name="makeTool" visibility="private" complexity="2" crap="2" count="2"/>
        <line num="486" type="stmt" count="2"/>
        <line num="487" type="stmt" count="1"/>
        <line num="489" type="stmt" count="1"/>
        <line num="492" type="stmt" count="1"/>
        <line num="493" type="stmt" count="1"/>
        <line num="494" type="stmt" count="1"/>
        <line num="496" type="stmt" count="1"/>
        <line num="497" type="stmt" count="1"/>
        <line num="501" type="stmt" count="1"/>
        <line num="507" type="method" name="makeCrud" visibility="private" complexity="5" crap="5.09" count="2"/>
        <line num="509" type="stmt" count="2"/>
        <line num="510" type="stmt" count="1"/>
        <line num="512" type="stmt" count="1"/>
        <line num="515" type="stmt" count="1"/>
        <line num="516" type="stmt" count="1"/>
        <line num="517" type="stmt" count="1"/>
        <line num="519" type="stmt" count="1"/>
        <line num="520" type="stmt" count="1"/>
        <line num="529" type="stmt" count="1"/>
        <line num="530" type="stmt" count="1"/>
        <line num="531" type="stmt" count="0"/>
        <line num="532" type="stmt" count="0"/>
        <line num="535" type="stmt" count="1"/>
        <line num="544" type="method" name="writeAndReport" visibility="private" complexity="7" crap="7.01" count="7"/>
        <line num="546" type="stmt" count="7"/>
        <line num="547" type="stmt" count="7"/>
        <line num="548" type="stmt" count="7"/>
        <line num="550" type="stmt" count="7"/>
        <line num="551" type="stmt" count="7"/>
        <line num="552" type="stmt" count="7"/>
        <line num="555" type="stmt" count="7"/>
        <line num="556" type="stmt" count="7"/>
        <line num="557" type="stmt" count="7"/>
        <line num="560" type="stmt" count="7"/>
        <line num="561" type="stmt" count="1"/>
        <line num="562" type="stmt" count="1"/>
        <line num="563" type="stmt" count="1"/>
        <line num="564" type="stmt" count="1"/>
        <line num="565" type="stmt" count="0"/>
        <line num="569" type="stmt" count="7"/>
        <line num="573" type="method" name="withControllerServiceRegistration" visibility="private" complexity="5" crap="5" count="5"/>
        <line num="575" type="stmt" count="5"/>
        <line num="576" type="stmt" count="5"/>
        <line num="577" type="stmt" count="5"/>
        <line num="580" type="stmt" count="5"/>
        <line num="581" type="stmt" count="5"/>
        <line num="582" type="stmt" count="5"/>
        <line num="583" type="stmt" count="5"/>
        <line num="584" type="stmt" count="5"/>
        <line num="588" type="stmt" count="5"/>
        <line num="589" type="stmt" count="5"/>
        <line num="590" type="stmt" count="5"/>
        <line num="591" type="stmt" count="5"/>
        <line num="592" type="stmt" count="5"/>
        <line num="593" type="stmt" count="5"/>
        <line num="594" type="stmt" count="5"/>
        <line num="595" type="stmt" count="5"/>
        <line num="596" type="stmt" count="5"/>
        <line num="597" type="stmt" count="5"/>
        <line num="598" type="stmt" count="5"/>
        <line num="599" type="stmt" count="5"/>
        <line num="600" type="stmt" count="5"/>
        <line num="601" type="stmt" count="5"/>
        <line num="602" type="stmt" count="5"/>
        <line num="603" type="stmt" count="5"/>
        <line num="604" type="stmt" count="5"/>
        <line num="605" type="stmt" count="5"/>
        <line num="607" type="stmt" count="5"/>
        <line num="608" type="stmt" count="5"/>
        <line num="610" type="stmt" count="5"/>
        <line num="611" type="stmt" count="5"/>
        <line num="612" type="stmt" count="5"/>
        <line num="613" type="stmt" count="5"/>
        <line num="614" type="stmt" count="5"/>
        <line num="615" type="stmt" count="5"/>
        <line num="616" type="stmt" count="5"/>
        <line num="619" type="method" name="cleanCrudGuidance" visibility="private" complexity="3" crap="3" count="1"/>
        <line num="621" type="stmt" count="1"/>
        <line num="622" type="stmt" count="1"/>
        <line num="623" type="stmt" count="1"/>
        <line num="624" type="stmt" count="1"/>
        <line num="627" type="stmt" count="1"/>
        <line num="628" type="stmt" count="1"/>
        <line num="629" type="stmt" count="1"/>
        <line num="630" type="stmt" count="1"/>
        <line num="631" type="stmt" count="1"/>
        <line num="632" type="stmt" count="1"/>
        <line num="633" type="stmt" count="1"/>
        <line num="637" type="method" name="wireEntityIntoExistingPlugin" visibility="private" complexity="3" crap="3" count="2"/>
        <line num="639" type="stmt" count="2"/>
        <line num="640" type="stmt" count="2"/>
        <line num="641" type="stmt" count="2"/>
        <line num="642" type="stmt" count="2"/>
        <line num="643" type="stmt" count="0"/>
        <line num="646" type="stmt" count="2"/>
        <line num="647" type="stmt" count="2"/>
        <line num="648" type="stmt" count="2"/>
        <line num="649" type="stmt" count="1"/>
        <line num="652" type="stmt" count="1"/>
        <line num="653" type="stmt" count="1"/>
        <line num="654" type="stmt" count="1"/>
        <line num="655" type="stmt" count="1"/>
        <line num="656" type="stmt" count="1"/>
        <line num="657" type="stmt" count="1"/>
        <line num="658" type="stmt" count="1"/>
        <line num="659" type="stmt" count="1"/>
        <line num="660" type="stmt" count="1"/>
        <line num="661" type="stmt" count="1"/>
        <line num="662" type="stmt" count="1"/>
        <line num="664" type="stmt" count="1"/>
        <line num="665" type="stmt" count="1"/>
        <line num="667" type="stmt" count="1"/>
        <line num="670" type="method" name="registerPlugin" visibility="private" complexity="8" crap="8.06" count="5"/>
        <line num="672" type="stmt" count="5"/>
        <line num="673" type="stmt" count="5"/>
        <line num="674" type="stmt" count="0"/>
        <line num="677" type="stmt" count="5"/>
        <line num="678" type="stmt" count="5"/>
        <line num="679" type="stmt" count="5"/>
        <line num="680" type="stmt" count="5"/>
        <line num="681" type="stmt" count="1"/>
        <line num="684" type="stmt" count="5"/>
        <line num="685" type="stmt" count="5"/>
        <line num="686" type="stmt" count="5"/>
        <line num="687" type="stmt" count="5"/>
        <line num="688" type="stmt" count="4"/>
        <line num="689" type="stmt" count="4"/>
        <line num="690" type="stmt" count="4"/>
        <line num="692" type="stmt" count="1"/>
        <line num="696" type="stmt" count="5"/>
        <line num="697" type="stmt" count="5"/>
        <line num="698" type="stmt" count="0"/>
        <line num="701" type="stmt" count="5"/>
        <line num="703" type="stmt" count="5"/>
        <line num="706" type="method" name="pluginFqcn" visibility="private" complexity="1" crap="1" count="5"/>
        <line num="708" type="stmt" count="5"/>
        <line num="710" type="stmt" count="5"/>
        <line num="724" type="method" name="agentEnable" visibility="private" complexity="3" crap="3" count="3"/>
        <line num="726" type="stmt" count="3"/>
        <line num="727" type="stmt" count="3"/>
        <line num="729" type="stmt" count="3"/>
        <line num="730" type="stmt" count="3"/>
        <line num="731" type="stmt" count="1"/>
        <line num="732" type="stmt" count="1"/>
        <line num="733" type="stmt" count="1"/>
        <line num="735" type="stmt" count="1"/>
        <line num="738" type="stmt" count="2"/>
        <line num="739" type="stmt" count="2"/>
        <line num="740" type="stmt" count="2"/>
        <line num="742" type="stmt" count="2"/>
        <line num="743" type="stmt" count="2"/>
        <line num="745" type="stmt" count="2"/>
        <line num="746" type="stmt" count="1"/>
        <line num="748" type="stmt" count="1"/>
        <line num="751" type="stmt" count="1"/>
        <line num="752" type="stmt" count="1"/>
        <line num="753" type="stmt" count="1"/>
        <line num="755" type="stmt" count="1"/>
        <line num="765" type="method" name="findComposerBinary" visibility="private" complexity="9" crap="9.29" count="3"/>
        <line num="767" type="stmt" count="3"/>
        <line num="768" type="stmt" count="3"/>
        <line num="769" type="stmt" count="0"/>
        <line num="772" type="stmt" count="3"/>
        <line num="773" type="stmt" count="3"/>
        <line num="775" type="stmt" count="3"/>
        <line num="776" type="stmt" count="3"/>
        <line num="777" type="stmt" count="0"/>
        <line num="779" type="stmt" count="3"/>
        <line num="780" type="stmt" count="3"/>
        <line num="781" type="stmt" count="3"/>
        <line num="782" type="stmt" count="2"/>
        <line num="787" type="stmt" count="1"/>
        <line num="801" type="method" name="runComposerRequire" visibility="private" complexity="2" crap="2.15" count="2"/>
        <line num="803" type="stmt" count="2"/>
        <line num="805" type="stmt" count="2"/>
        <line num="806" type="stmt" count="2"/>
        <line num="807" type="stmt" count="0"/>
        <line num="809" type="stmt" count="0"/>
        <line num="812" type="stmt" count="2"/>
        <line num="838" type="method" name="bootKernelForInspect" visibility="private" complexity="5" crap="5" count="21"/>
        <line num="840" type="stmt" count="21"/>
        <line num="841" type="stmt" count="21"/>
        <line num="842" type="stmt" count="6"/>
        <line num="845" type="stmt" count="15"/>
        <line num="847" type="stmt" count="15"/>
        <line num="848" type="stmt" count="15"/>
        <line num="855" type="stmt" count="15"/>
        <line num="856" type="stmt" count="15"/>
        <line num="857" type="stmt" count="15"/>
        <line num="862" type="stmt" count="15"/>
        <line num="863" type="stmt" count="5"/>
        <line num="864" type="stmt" count="5"/>
        <line num="866" type="stmt" count="5"/>
        <line num="875" type="method" name="pluginMetadata" visibility="private" complexity="2" crap="2.06" count="2"/>
        <line num="877" type="stmt" count="2"/>
        <line num="878" type="stmt" count="2"/>
        <line num="879" type="stmt" count="0"/>
        <line num="882" type="stmt" count="2"/>
        <line num="891" type="method" name="inspectPlugins" visibility="private" complexity="7" crap="7" count="3"/>
        <line num="893" type="stmt" count="3"/>
        <line num="894" type="stmt" count="3"/>
        <line num="895" type="stmt" count="2"/>
        <line num="898" type="stmt" count="1"/>
        <line num="899" type="stmt" count="1"/>
        <line num="901" type="stmt" count="1"/>
        <line num="902" type="stmt" count="1"/>
        <line num="903" type="stmt" count="1"/>
        <line num="904" type="stmt" count="1"/>
        <line num="905" type="stmt" count="1"/>
        <line num="906" type="stmt" count="0"/>
        <line num="908" type="stmt" count="1"/>
        <line num="909" type="stmt" count="1"/>
        <line num="910" type="stmt" count="1"/>
        <line num="911" type="stmt" count="1"/>
        <line num="912" type="stmt" count="1"/>
        <line num="913" type="stmt" count="1"/>
        <line num="914" type="stmt" count="1"/>
        <line num="915" type="stmt" count="1"/>
        <line num="916" type="stmt" count="1"/>
        <line num="918" type="stmt" count="1"/>
        <line num="920" type="stmt" count="1"/>
        <line num="929" type="method" name="inspectRoutes" visibility="private" complexity="9" crap="9" count="4"/>
        <line num="931" type="stmt" count="4"/>
        <line num="932" type="stmt" count="4"/>
        <line num="933" type="stmt" count="2"/>
        <line num="936" type="stmt" count="2"/>
        <line num="937" type="stmt" count="2"/>
        <line num="938" type="stmt" count="2"/>
        <line num="939" type="stmt" count="2"/>
        <line num="941" type="stmt" count="2"/>
        <line num="943" type="stmt" count="2"/>
        <line num="944" type="stmt" count="2"/>
        <line num="945" type="stmt" count="2"/>
        <line num="946" type="stmt" count="2"/>
        <line num="948" type="stmt" count="1"/>
        <line num="949" type="stmt" count="1"/>
        <line num="950" type="stmt" count="0"/>
        <line num="952" type="stmt" count="1"/>
        <line num="953" type="stmt" count="1"/>
        <line num="954" type="stmt" count="1"/>
        <line num="955" type="stmt" count="1"/>
        <line num="959" type="stmt" count="2"/>
        <line num="960" type="stmt" count="1"/>
        <line num="962" type="stmt" count="1"/>
        <line num="965" type="stmt" count="1"/>
        <line num="966" type="stmt" count="1"/>
        <line num="968" type="stmt" count="1"/>
        <line num="969" type="stmt" count="1"/>
        <line num="971" type="stmt" count="1"/>
        <line num="982" type="method" name="inspectServices" visibility="private" complexity="6" crap="7.61" count="3"/>
        <line num="984" type="stmt" count="3"/>
        <line num="985" type="stmt" count="3"/>
        <line num="986" type="stmt" count="2"/>
        <line num="989" type="stmt" count="1"/>
        <line num="990" type="stmt" count="1"/>
        <line num="992" type="stmt" count="1"/>
        <line num="993" type="stmt" count="1"/>
        <line num="994" type="stmt" count="0"/>
        <line num="995" type="stmt" count="0"/>
        <line num="996" type="stmt" count="0"/>
        <line num="997" type="stmt" count="0"/>
        <line num="998" type="stmt" count="0"/>
        <line num="999" type="stmt" count="0"/>
        <line num="1001" type="stmt" count="0"/>
        <line num="1005" type="stmt" count="1"/>
        <line num="1006" type="stmt" count="1"/>
        <line num="1007" type="stmt" count="1"/>
        <line num="1008" type="stmt" count="1"/>
        <line num="1009" type="stmt" count="1"/>
        <line num="1011" type="stmt" count="1"/>
        <line num="1012" type="stmt" count="0"/>
        <line num="1014" type="stmt" count="0"/>
        <line num="1017" type="stmt" count="1"/>
        <line num="1022" type="stmt" count="1"/>
        <line num="1023" type="stmt" count="1"/>
        <line num="1024" type="stmt" count="0"/>
        <line num="1025" type="stmt" count="0"/>
        <line num="1027" type="stmt" count="1"/>
        <line num="1029" type="stmt" count="1"/>
        <line num="1030" type="stmt" count="1"/>
        <line num="1032" type="stmt" count="1"/>
        <line num="1050" type="method" name="inspectTools" visibility="private" complexity="5" crap="7.35" count="2"/>
        <line num="1052" type="stmt" count="2"/>
        <line num="1053" type="stmt" count="2"/>
        <line num="1054" type="stmt" count="1"/>
        <line num="1057" type="stmt" count="1"/>
        <line num="1058" type="stmt" count="1"/>
        <line num="1060" type="stmt" count="1"/>
        <line num="1061" type="stmt" count="1"/>
        <line num="1062" type="stmt" count="0"/>
        <line num="1063" type="stmt" count="0"/>
        <line num="1065" type="stmt" count="0"/>
        <line num="1068" type="stmt" count="1"/>
        <line num="1070" type="stmt" count="1"/>
        <line num="1071" type="stmt" count="1"/>
        <line num="1072" type="stmt" count="1"/>
        <line num="1074" type="stmt" count="1"/>
        <line num="1077" type="stmt" count="0"/>
        <line num="1078" type="stmt" count="0"/>
        <line num="1079" type="stmt" count="0"/>
        <line num="1080" type="stmt" count="0"/>
        <line num="1082" type="stmt" count="0"/>
        <line num="1083" type="stmt" count="0"/>
        <line num="1085" type="stmt" count="0"/>
        <line num="1097" type="method" name="inspectCommands" visibility="private" complexity="9" crap="9.93" count="3"/>
        <line num="1099" type="stmt" count="3"/>
        <line num="1100" type="stmt" count="3"/>
        <line num="1101" type="stmt" count="2"/>
        <line num="1104" type="stmt" count="1"/>
        <line num="1105" type="stmt" count="1"/>
        <line num="1106" type="stmt" count="1"/>
        <line num="1107" type="stmt" count="1"/>
        <line num="1108" type="stmt" count="1"/>
        <line num="1111" type="stmt" count="1"/>
        <line num="1113" type="stmt" count="1"/>
        <line num="1114" type="stmt" count="1"/>
        <line num="1115" type="stmt" count="1"/>
        <line num="1116" type="stmt" count="1"/>
        <line num="1118" type="stmt" count="0"/>
        <line num="1119" type="stmt" count="0"/>
        <line num="1120" type="stmt" count="0"/>
        <line num="1122" type="stmt" count="0"/>
        <line num="1123" type="stmt" count="0"/>
        <line num="1127" type="stmt" count="1"/>
        <line num="1128" type="stmt" count="1"/>
        <line num="1129" type="stmt" count="1"/>
        <line num="1130" type="stmt" count="1"/>
        <line num="1132" type="stmt" count="0"/>
        <line num="1133" type="stmt" count="0"/>
        <line num="1137" type="stmt" count="1"/>
        <line num="1138" type="stmt" count="1"/>
        <line num="1139" type="stmt" count="1"/>
        <line num="1140" type="stmt" count="1"/>
        <line num="1141" type="stmt" count="1"/>
        <line num="1142" type="stmt" count="1"/>
        <line num="1144" type="stmt" count="1"/>
        <line num="1156" type="method" name="runDiscoveredCommand" visibility="private" complexity="5" crap="5.39" count="3"/>
        <line num="1158" type="stmt" count="3"/>
        <line num="1159" type="stmt" count="3"/>
        <line num="1160" type="stmt" count="0"/>
        <line num="1163" type="stmt" count="3"/>
        <line num="1164" type="stmt" count="0"/>
        <line num="1165" type="stmt" count="0"/>
        <line num="1172" type="stmt" count="3"/>
        <line num="1173" type="stmt" count="2"/>
        <line num="1176" type="stmt" count="1"/>
        <line num="1177" type="stmt" count="1"/>
        <line num="1178" type="stmt" count="1"/>
        <line num="1180" type="stmt" count="1"/>
        <line num="1184" type="method" name="invokeCommand" visibility="private" complexity="1" crap="2" count="0"/>
        <line num="1186" type="stmt" count="0"/>
        <line num="1187" type="stmt" count="0"/>
        <line num="1188" type="stmt" count="0"/>
        <line num="1189" type="stmt" count="0"/>
        <line num="1190" type="stmt" count="0"/>
        <line num="1191" type="stmt" count="0"/>
        <line num="1200" type="method" name="builtInCommands" visibility="private" complexity="1" crap="1" count="1"/>
        <line num="1202" type="stmt" count="1"/>
        <line num="1203" type="stmt" count="1"/>
        <line num="1204" type="stmt" count="1"/>
        <line num="1205" type="stmt" count="1"/>
        <line num="1206" type="stmt" count="1"/>
        <line num="1207" type="stmt" count="1"/>
        <line num="1208" type="stmt" count="1"/>
        <line num="1209" type="stmt" count="1"/>
        <line num="1210" type="stmt" count="1"/>
        <line num="1211" type="stmt" count="1"/>
        <line num="1212" type="stmt" count="1"/>
        <line num="1213" type="stmt" count="1"/>
        <line num="1214" type="stmt" count="1"/>
        <line num="1215" type="stmt" count="1"/>
        <line num="1216" type="stmt" count="1"/>
        <line num="1217" type="stmt" count="1"/>
        <line num="1218" type="stmt" count="1"/>
        <line num="1221" type="method" name="help" visibility="private" complexity="1" crap="1" count="3"/>
        <line num="1223" type="stmt" count="3"/>
        <line num="1224" type="stmt" count="3"/>
        <line num="1225" type="stmt" count="3"/>
        <line num="1226" type="stmt" count="3"/>
        <line num="1227" type="stmt" count="3"/>
        <line num="1228" type="stmt" count="3"/>
        <line num="1229" type="stmt" count="3"/>
        <line num="1230" type="stmt" count="3"/>
        <line num="1231" type="stmt" count="3"/>
        <line num="1232" type="stmt" count="3"/>
        <line num="1233" type="stmt" count="3"/>
        <line num="1234" type="stmt" count="3"/>
        <line num="1235" type="stmt" count="3"/>
        <line num="1236" type="stmt" count="3"/>
        <line num="1237" type="stmt" count="3"/>
        <line num="1238" type="stmt" count="3"/>
        <line num="1239" type="stmt" count="3"/>
        <line num="1240" type="stmt" count="3"/>
        <line num="1241" type="stmt" count="3"/>
        <line num="1242" type="stmt" count="3"/>
        <line num="1243" type="stmt" count="3"/>
        <line num="1244" type="stmt" count="3"/>
        <line num="1245" type="stmt" count="3"/>
        <line num="1246" type="stmt" count="3"/>
        <line num="1247" type="stmt" count="3"/>
        <line num="1248" type="stmt" count="3"/>
        <line num="1249" type="stmt" count="3"/>
        <line num="1251" type="stmt" count="3"/>
        <line num="1255" type="method" name="loadPluginList" visibility="private" complexity="3" crap="3.10" count="29"/>
        <line num="1257" type="stmt" count="29"/>
        <line num="1258" type="stmt" count="29"/>
        <line num="1259" type="stmt" count="8"/>
        <line num="1261" type="stmt" count="8"/>
        <line num="1264" type="stmt" count="21"/>
        <line num="1265" type="stmt" count="21"/>
        <line num="1266" type="stmt" count="0"/>
        <line num="1268" type="stmt" count="0"/>
        <line num="1272" type="stmt" count="21"/>
        <line num="1282" type="method" name="loadConfig" visibility="private" complexity="3" crap="3.21" count="17"/>
        <line num="1284" type="stmt" count="17"/>
        <line num="1285" type="stmt" count="17"/>
        <line num="1286" type="stmt" count="0"/>
        <line num="1289" type="stmt" count="17"/>
        <line num="1290" type="stmt" count="17"/>
        <line num="1291" type="stmt" count="0"/>
        <line num="1295" type="stmt" count="17"/>
        <line num="1303" type="method" name="parseOptions" visibility="private" complexity="4" crap="4.03" count="12"/>
        <line num="1305" type="stmt" count="12"/>
        <line num="1306" type="stmt" count="12"/>
        <line num="1307" type="stmt" count="10"/>
        <line num="1308" type="stmt" count="0"/>
        <line num="1310" type="stmt" count="10"/>
        <line num="1311" type="stmt" count="10"/>
        <line num="1312" type="stmt" count="10"/>
        <line num="1315" type="stmt" count="12"/>
        <line num="1318" type="method" name="line" visibility="private" complexity="1" crap="1" count="50"/>
        <line num="1320" type="stmt" count="50"/>
        <metrics loc="1323" ncloc="1015" classes="1" methods="36" coveredmethods="16" conditionals="0" coveredconditionals="0" statements="592" coveredstatements="529" elements="628" coveredelements="545"/>
      </file>
    </package>
    <package name="App\Plugins\HelloPlugin\Controllers">
      <file name="/home/rod/Web/projects/TeamX/BRAIN/TeamX/platform/getmilpa-skeleton/src/Plugins/HelloPlugin/Controllers/HomeController.php">
        <class name="App\Plugins\HelloPlugin\Controllers\HomeController" namespace="App\Plugins\HelloPlugin\Controllers">
          <metrics complexity="3" methods="3" coveredmethods="3" conditionals="0" coveredconditionals="0" statements="5" coveredstatements="5" elements="8" coveredelements="8"/>
        </class>
        <line num="33" type="method" name="__construct" visibility="public" complexity="1" crap="1" count="4"/>
        <line num="35" type="stmt" count="4"/>
        <line num="37" type="method" name="index" visibility="public" complexity="1" crap="1" count="2"/>
        <line num="39" type="stmt" count="2"/>
        <line num="42" type="method" name="html" visibility="private" complexity="1" crap="1" count="2"/>
        <line num="44" type="stmt" count="2"/>
        <line num="46" type="stmt" count="2"/>
        <line num="81" type="stmt" count="2"/>
        <metrics loc="84" ncloc="65" classes="1" methods="3" coveredmethods="3" conditionals="0" coveredconditionals="0" statements="5" coveredstatements="5" elements="8" coveredelements="8"/>
      </file>
    </package>
    <package name="App\Plugins\HelloPlugin">
      <file name="/home/rod/Web/projects/TeamX/BRAIN/TeamX/platform/getmilpa-skeleton/src/Plugins/HelloPlugin/HelloPlugin.php">
        <class name="App\Plugins\HelloPlugin\HelloPlugin" namespace="App\Plugins\HelloPlugin">
          <metrics complexity="7" methods="7" coveredmethods="3" conditionals="0" coveredconditionals="0" statements="15" coveredstatements="11" elements="22" coveredelements="14"/>
        </class>
        <line num="45" type="method" name="__construct" visibility="public" complexity="1" crap="1" count="4"/>
        <line num="51" type="stmt" count="4"/>
        <line num="53" type="method" name="boot" visibility="public" complexity="1" crap="1" count="4"/>
        <line num="60" type="stmt" count="4"/>
        <line num="66" type="stmt" count="4"/>
        <line num="69" type="method" name="install" visibility="public" complexity="1" crap="2" count="0"/>
        <line num="71" type="stmt" count="0"/>
        <line num="73" type="method" name="uninstall" visibility="public" complexity="1" crap="2" count="0"/>
        <line num="75" type="stmt" count="0"/>
        <line num="77" type="method" name="enable" visibility="public" complexity="1" crap="2" count="0"/>
        <line num="79" type="stmt" count="0"/>
        <line num="81" type="method" name="disable" visibility="public" complexity="1" crap="2" count="0"/>
        <line num="83" type="stmt" count="0"/>
        <line num="86" type="method" name="routes" visibility="public" complexity="1" crap="1" count="4"/>
        <line num="88" type="stmt" count="4"/>
        <line num="89" type="stmt" count="4"/>
        <line num="90" type="stmt" count="4"/>
        <line num="91" type="stmt" count="4"/>
        <line num="92" type="stmt" count="4"/>
        <line num="93" type="stmt" count="4"/>
        <line num="94" type="stmt" count="4"/>
        <line num="95" type="stmt" count="4"/>
        <metrics loc="98" ncloc="67" classes="1" methods="7" coveredmethods="3" conditionals="0" coveredconditionals="0" statements="15" coveredstatements="11" elements="22" coveredelements="14"/>
      </file>
    </package>
    <metrics files="9" loc="2273" ncloc="1683" classes="9" methods="76" coveredmethods="46" conditionals="0" coveredconditionals="0" statements="832" coveredstatements="750" elements="908" coveredelements="796"/>
  </project>
</coverage>
